# JRE version: OpenJDK Runtime Environment (11.0.8+10) (build 11.0.8+10-b944.6842174)
# Java VM: OpenJDK 64-Bit Server VM (11.0.8+10-b944.6842174, mixed mode, tiered, compressed oops, g1 gc, windows-amd64)
Heap:
 garbage-first heap   total 1071104K, used 358003K [0x0000000080000000, 0x0000000100000000)
  region size 1024K, 9 young (9216K), 9 survivors (9216K)
 Metaspace       used 137802K, capacity 141710K, committed 141900K, reserved 1173504K
  class space    used 17321K, capacity 18721K, committed 18816K, reserved 1048576K
GC Heap History (20 events):
Event: 970.768 GC heap after
{Heap after GC invocations=77 (full 0):
 garbage-first heap   total 270336K, used 224350K [0x0000000080000000, 0x0000000100000000)
  region size 1024K, 3 young (3072K), 3 survivors (3072K)
 Metaspace       used 136964K, capacity 140781K, committed 141004K, reserved 1171456K
  class space    used 17237K, capacity 18637K, committed 18688K, reserved 1048576K
}
Event: 970.823 GC heap before
{Heap before GC invocations=77 (full 0):
 garbage-first heap   total 270336K, used 235614K [0x0000000080000000, 0x0000000100000000)
  region size 1024K, 13 young (13312K), 3 survivors (3072K)
 Metaspace       used 136964K, capacity 140781K, committed 141004K, reserved 1171456K
  class space    used 17237K, capacity 18637K, committed 18688K, reserved 1048576K
}
Event: 970.842 GC heap after
{Heap after GC invocations=78 (full 0):
 garbage-first heap   total 270336K, used 208896K [0x0000000080000000, 0x0000000100000000)
  region size 1024K, 2 young (2048K), 2 survivors (2048K)
 Metaspace       used 136964K, capacity 140781K, committed 141004K, reserved 1171456K
  class space    used 17237K, capacity 18637K, committed 18688K, reserved 1048576K
}
Event: 970.926 GC heap before
{Heap before GC invocations=78 (full 0):
 garbage-first heap   total 270336K, used 220160K [0x0000000080000000, 0x0000000100000000)
  region size 1024K, 13 young (13312K), 2 survivors (2048K)
 Metaspace       used 136964K, capacity 140781K, committed 141004K, reserved 1171456K
  class space    used 17237K, capacity 18637K, committed 18688K, reserved 1048576K
}
Event: 970.942 GC heap after
{Heap after GC invocations=79 (full 0):
 garbage-first heap   total 324608K, used 214372K [0x0000000080000000, 0x0000000100000000)
  region size 1024K, 2 young (2048K), 2 survivors (2048K)
 Metaspace       used 136964K, capacity 140781K, committed 141004K, reserved 1171456K
  class space    used 17237K, capacity 18637K, committed 18688K, reserved 1048576K
}
Event: 971.146 GC heap before
{Heap before GC invocations=79 (full 0):
 garbage-first heap   total 324608K, used 253284K [0x0000000080000000, 0x0000000100000000)
  region size 1024K, 36 young (36864K), 2 survivors (2048K)
 Metaspace       used 136998K, capacity 140781K, committed 141004K, reserved 1171456K
  class space    used 17240K, capacity 18637K, committed 18688K, reserved 1048576K
}
Event: 971.173 GC heap after
{Heap after GC invocations=80 (full 0):
 garbage-first heap   total 324608K, used 233785K [0x0000000080000000, 0x0000000100000000)
  region size 1024K, 5 young (5120K), 5 survivors (5120K)
 Metaspace       used 136998K, capacity 140781K, committed 141004K, reserved 1171456K
  class space    used 17240K, capacity 18637K, committed 18688K, reserved 1048576K
}
Event: 971.375 GC heap before
{Heap before GC invocations=80 (full 0):
 garbage-first heap   total 324608K, used 259385K [0x0000000080000000, 0x0000000100000000)
  region size 1024K, 31 young (31744K), 5 survivors (5120K)
 Metaspace       used 137601K, capacity 141427K, committed 141644K, reserved 1171456K
  class space    used 17320K, capacity 18721K, committed 18816K, reserved 1048576K
}
Event: 971.398 GC heap after
{Heap after GC invocations=81 (full 0):
 garbage-first heap   total 324608K, used 248797K [0x0000000080000000, 0x0000000100000000)
  region size 1024K, 4 young (4096K), 4 survivors (4096K)
 Metaspace       used 137601K, capacity 141427K, committed 141644K, reserved 1171456K
  class space    used 17320K, capacity 18721K, committed 18816K, reserved 1048576K
}
Event: 971.461 GC heap before
{Heap before GC invocations=81 (full 0):
 garbage-first heap   total 324608K, used 267229K [0x0000000080000000, 0x0000000100000000)
  region size 1024K, 23 young (23552K), 4 survivors (4096K)
 Metaspace       used 137626K, capacity 141493K, committed 141644K, reserved 1171456K
  class space    used 17320K, capacity 18721K, committed 18816K, reserved 1048576K
}
Event: 971.480 GC heap after
{Heap after GC invocations=82 (full 0):
 garbage-first heap   total 324608K, used 260096K [0x0000000080000000, 0x0000000100000000)
  region size 1024K, 3 young (3072K), 3 survivors (3072K)
 Metaspace       used 137626K, capacity 141493K, committed 141644K, reserved 1171456K
  class space    used 17320K, capacity 18721K, committed 18816K, reserved 1048576K
}
Event: 971.555 GC heap before
{Heap before GC invocations=82 (full 0):
 garbage-first heap   total 324608K, used 274432K [0x0000000080000000, 0x0000000100000000)
  region size 1024K, 17 young (17408K), 3 survivors (3072K)
 Metaspace       used 137628K, capacity 141493K, committed 141644K, reserved 1171456K
  class space    used 17320K, capacity 18721K, committed 18816K, reserved 1048576K
}
Event: 971.576 GC heap after
{Heap after GC invocations=83 (full 0):
 garbage-first heap   total 559104K, used 269191K [0x0000000080000000, 0x0000000100000000)
  region size 1024K, 3 young (3072K), 3 survivors (3072K)
 Metaspace       used 137628K, capacity 141493K, committed 141644K, reserved 1171456K
  class space    used 17320K, capacity 18721K, committed 18816K, reserved 1048576K
}
Event: 972.082 GC heap before
{Heap before GC invocations=83 (full 0):
 garbage-first heap   total 559104K, used 347015K [0x0000000080000000, 0x0000000100000000)
  region size 1024K, 83 young (84992K), 3 survivors (3072K)
 Metaspace       used 137636K, capacity 141493K, committed 141644K, reserved 1171456K
  class space    used 17320K, capacity 18721K, committed 18816K, reserved 1048576K
}
Event: 972.134 GC heap after
{Heap after GC invocations=84 (full 0):
 garbage-first heap   total 559104K, used 312543K [0x0000000080000000, 0x0000000100000000)
  region size 1024K, 11 young (11264K), 11 survivors (11264K)
 Metaspace       used 137636K, capacity 141493K, committed 141644K, reserved 1171456K
  class space    used 17320K, capacity 18721K, committed 18816K, reserved 1048576K
}
Event: 972.924 GC heap before
{Heap before GC invocations=85 (full 0):
 garbage-first heap   total 559104K, used 382175K [0x0000000080000000, 0x0000000100000000)
  region size 1024K, 80 young (81920K), 11 survivors (11264K)
 Metaspace       used 137730K, capacity 141636K, committed 141900K, reserved 1173504K
  class space    used 17321K, capacity 18721K, committed 18816K, reserved 1048576K
}
Event: 972.972 GC heap after
{Heap after GC invocations=86 (full 0):
 garbage-first heap   total 559104K, used 340992K [0x0000000080000000, 0x0000000100000000)
  region size 1024K, 10 young (10240K), 10 survivors (10240K)
 Metaspace       used 137730K, capacity 141636K, committed 141900K, reserved 1173504K
  class space    used 17321K, capacity 18721K, committed 18816K, reserved 1048576K
}
Event: 973.162 GC heap before
{Heap before GC invocations=86 (full 0):
 garbage-first heap   total 559104K, used 358400K [0x0000000080000000, 0x0000000100000000)
  region size 1024K, 27 young (27648K), 10 survivors (10240K)
 Metaspace       used 137734K, capacity 141638K, committed 141900K, reserved 1173504K
  class space    used 17321K, capacity 18721K, committed 18816K, reserved 1048576K
}
Event: 973.284 GC heap after
{Heap after GC invocations=87 (full 0):
 garbage-first heap   total 559104K, used 344804K [0x0000000080000000, 0x0000000100000000)
  region size 1024K, 4 young (4096K), 4 survivors (4096K)
 Metaspace       used 137734K, capacity 141638K, committed 141900K, reserved 1173504K
  class space    used 17321K, capacity 18721K, committed 18816K, reserved 1048576K
}
Event: 974.925 GC heap before
{Heap before GC invocations=87 (full 0):
 garbage-first heap   total 559104K, used 415460K [0x0000000080000000, 0x0000000100000000)
  region size 1024K, 66 young (67584K), 4 survivors (4096K)
 Metaspace       used 137802K, capacity 141710K, committed 141900K, reserved 1173504K
  class space    used 17321K, capacity 18721K, committed 18816K, reserved 1048576K
}

